<?xml version="1.0" encoding="UTF-8"?>
<testsuite xmlns:xsi="http://www.w3.org/2001/XMLSchema-instance" xsi:noNamespaceSchemaLocation="https://maven.apache.org/surefire/maven-surefire-plugin/xsd/surefire-test-report-3.0.xsd" version="3.0" name="com.increff.pos.dto.ClientDtoTest" time="4.454" tests="9" errors="0" skipped="0" failures="0">
  <properties>
[...]
</properties>
  <testcase name="testGetAllWithoutPagination" classname="com.increff.pos.dto.ClientDtoTest" time="0.305">
    <system-out><![CDATA[
  .   ____          _            __ _ _
 /\\ / ___'_ __ _ _(_)_ __  __ _ \ \ \ \
( ( )\___ | '_ | '_| | '_ \/ _` | \ \ \ \
 \\/  ___)| |_)| | | | | || (_| |  ) ) ) )
  '  |____| .__|_| |_|_| |_\__, | / / / /
 =========|_|==============|___/=/_/_/_/
 :: Spring Boot ::                (v3.2.3)

2025-03-02T19:31:08.628+05:30  INFO 49156 --- [POS] [           main] com.increff.pos.dto.ClientDtoTest        : Starting ClientDtoTest using Java 21.0.5 with PID 49156 (started by riteshsingh in /Users/riteshsingh/Desktop/POS/pos/pos-server)
2025-03-02T19:31:08.629+05:30  INFO 49156 --- [POS] [           main] com.increff.pos.dto.ClientDtoTest        : The following 1 profile is active: "test"
2025-03-02T19:31:09.055+05:30  INFO 49156 --- [POS] [           main] .s.d.r.c.RepositoryConfigurationDelegate : Bootstrapping Spring Data MongoDB repositories in DEFAULT mode.
2025-03-02T19:31:09.063+05:30  INFO 49156 --- [POS] [           main] .s.d.r.c.RepositoryConfigurationDelegate : Finished Spring Data repository scanning in 3 ms. Found 0 MongoDB repository interfaces.
2025-03-02T19:31:10.676+05:30  INFO 49156 --- [POS] [aat.mongodb.net] org.mongodb.driver.cluster               : Adding discovered server cluster0-shard-00-01.t1aat.mongodb.net:27017 to client view of cluster
2025-03-02T19:31:10.676+05:30  INFO 49156 --- [POS] [           main] org.mongodb.driver.client                : MongoClient with metadata {"driver": {"name": "mongo-java-driver|sync|spring-boot", "version": "4.11.1"}, "os": {"type": "Darwin", "name": "Mac OS X", "architecture": "aarch64", "version": "15.3.1"}, "platform": "Java/Oracle Corporation/21.0.5+9-LTS-239"} created with settings MongoClientSettings{readPreference=primary, writeConcern=WriteConcern{w=null, wTimeout=null ms, journal=null}, retryWrites=true, retryReads=true, readConcern=ReadConcern{level=null}, credential=MongoCredential{mechanism=null, userName='ritesh', source='admin', password=<hidden>, mechanismProperties=<hidden>}, transportSettings=null, streamFactoryFactory=null, commandListeners=[], codecRegistry=ProvidersCodecRegistry{codecProviders=[ValueCodecProvider{}, BsonValueCodecProvider{}, DBRefCodecProvider{}, DBObjectCodecProvider{}, DocumentCodecProvider{}, CollectionCodecProvider{}, IterableCodecProvider{}, MapCodecProvider{}, GeoJsonCodecProvider{}, GridFSFileCodecProvider{}, Jsr310CodecProvider{}, JsonObjectCodecProvider{}, BsonCodecProvider{}, EnumCodecProvider{}, com.mongodb.client.model.mql.ExpressionCodecProvider@27b89e0a, com.mongodb.Jep395RecordCodecProvider@42bb0492, com.mongodb.KotlinCodecProvider@6eed5b68]}, loggerSettings=LoggerSettings{maxDocumentLength=1000}, clusterSettings={hosts=[127.0.0.1:27017], srvHost=cluster0.t1aat.mongodb.net, srvServiceName=mongodb, mode=MULTIPLE, requiredClusterType=REPLICA_SET, requiredReplicaSetName='atlas-7udkyg-shard-0', serverSelector='null', clusterListeners='[]', serverSelectionTimeout='30000 ms', localThreshold='15 ms'}, socketSettings=SocketSettings{connectTimeoutMS=10000, readTimeoutMS=0, receiveBufferSize=0, proxySettings=ProxySettings{host=null, port=null, username=null, password=null}}, heartbeatSocketSettings=SocketSettings{connectTimeoutMS=10000, readTimeoutMS=10000, receiveBufferSize=0, proxySettings=ProxySettings{host=null, port=null, username=null, password=null}}, connectionPoolSettings=ConnectionPoolSettings{maxSize=100, minSize=0, maxWaitTimeMS=120000, maxConnectionLifeTimeMS=0, maxConnectionIdleTimeMS=0, maintenanceInitialDelayMS=0, maintenanceFrequencyMS=60000, connectionPoolListeners=[], maxConnecting=2}, serverSettings=ServerSettings{heartbeatFrequencyMS=10000, minHeartbeatFrequencyMS=500, serverListeners='[]', serverMonitorListeners='[]'}, sslSettings=SslSettings{enabled=true, invalidHostNameAllowed=false, context=null}, applicationName='null', compressorList=[], uuidRepresentation=JAVA_LEGACY, serverApi=null, autoEncryptionSettings=null, dnsClient=null, inetAddressResolver=null, contextProvider=null}
2025-03-02T19:31:10.717+05:30  INFO 49156 --- [POS] [aat.mongodb.net] org.mongodb.driver.cluster               : Adding discovered server cluster0-shard-00-00.t1aat.mongodb.net:27017 to client view of cluster
2025-03-02T19:31:10.719+05:30  INFO 49156 --- [POS] [aat.mongodb.net] org.mongodb.driver.cluster               : Adding discovered server cluster0-shard-00-02.t1aat.mongodb.net:27017 to client view of cluster
2025-03-02T19:31:11.171+05:30  INFO 49156 --- [POS] [ngodb.net:27017] org.mongodb.driver.cluster               : Monitor thread successfully connected to server with description ServerDescription{address=cluster0-shard-00-01.t1aat.mongodb.net:27017, type=REPLICA_SET_SECONDARY, state=CONNECTED, ok=true, minWireVersion=0, maxWireVersion=25, maxDocumentSize=16777216, logicalSessionTimeoutMinutes=30, roundTripTimeNanos=238869083, setName='atlas-7udkyg-shard-0', canonicalAddress=cluster0-shard-00-01.t1aat.mongodb.net:27017, hosts=[cluster0-shard-00-00.t1aat.mongodb.net:27017, cluster0-shard-00-01.t1aat.mongodb.net:27017, cluster0-shard-00-02.t1aat.mongodb.net:27017], passives=[], arbiters=[], primary='cluster0-shard-00-02.t1aat.mongodb.net:27017', tagSet=TagSet{[Tag{name='availabilityZone', value='aps1-az3'}, Tag{name='diskState', value='READY'}, Tag{name='nodeType', value='ELECTABLE'}, Tag{name='provider', value='AWS'}, Tag{name='region', value='AP_SOUTH_1'}, Tag{name='workloadType', value='OPERATIONAL'}]}, electionId=null, setVersion=183, topologyVersion=TopologyVersion{processId=67bb7d5a1be143113a559393, counter=3}, lastWriteDate=Sun Mar 02 19:31:11 IST 2025, lastUpdateTimeNanos=326151772650708}
2025-03-02T19:31:11.171+05:30  INFO 49156 --- [POS] [ngodb.net:27017] org.mongodb.driver.cluster               : Monitor thread successfully connected to server with description ServerDescription{address=cluster0-shard-00-00.t1aat.mongodb.net:27017, type=REPLICA_SET_SECONDARY, state=CONNECTED, ok=true, minWireVersion=0, maxWireVersion=25, maxDocumentSize=16777216, logicalSessionTimeoutMinutes=30, roundTripTimeNanos=259853125, setName='atlas-7udkyg-shard-0', canonicalAddress=cluster0-shard-00-00.t1aat.mongodb.net:27017, hosts=[cluster0-shard-00-00.t1aat.mongodb.net:27017, cluster0-shard-00-01.t1aat.mongodb.net:27017, cluster0-shard-00-02.t1aat.mongodb.net:27017], passives=[], arbiters=[], primary='cluster0-shard-00-02.t1aat.mongodb.net:27017', tagSet=TagSet{[Tag{name='availabilityZone', value='aps1-az1'}, Tag{name='diskState', value='READY'}, Tag{name='nodeType', value='ELECTABLE'}, Tag{name='provider', value='AWS'}, Tag{name='region', value='AP_SOUTH_1'}, Tag{name='workloadType', value='OPERATIONAL'}]}, electionId=null, setVersion=183, topologyVersion=TopologyVersion{processId=67bb7c2bb40578e227f3d138, counter=4}, lastWriteDate=Sun Mar 02 19:31:11 IST 2025, lastUpdateTimeNanos=326151772787166}
2025-03-02T19:31:11.171+05:30  INFO 49156 --- [POS] [ngodb.net:27017] org.mongodb.driver.cluster               : Monitor thread successfully connected to server with description ServerDescription{address=cluster0-shard-00-02.t1aat.mongodb.net:27017, type=REPLICA_SET_PRIMARY, state=CONNECTED, ok=true, minWireVersion=0, maxWireVersion=25, maxDocumentSize=16777216, logicalSessionTimeoutMinutes=30, roundTripTimeNanos=178137542, setName='atlas-7udkyg-shard-0', canonicalAddress=cluster0-shard-00-02.t1aat.mongodb.net:27017, hosts=[cluster0-shard-00-00.t1aat.mongodb.net:27017, cluster0-shard-00-01.t1aat.mongodb.net:27017, cluster0-shard-00-02.t1aat.mongodb.net:27017], passives=[], arbiters=[], primary='cluster0-shard-00-02.t1aat.mongodb.net:27017', tagSet=TagSet{[Tag{name='availabilityZone', value='aps1-az2'}, Tag{name='diskState', value='READY'}, Tag{name='nodeType', value='ELECTABLE'}, Tag{name='provider', value='AWS'}, Tag{name='region', value='AP_SOUTH_1'}, Tag{name='workloadType', value='OPERATIONAL'}]}, electionId=7fffffff0000000000000228, setVersion=183, topologyVersion=TopologyVersion{processId=67bb742a85f772526581622f, counter=6}, lastWriteDate=Sun Mar 02 19:31:11 IST 2025, lastUpdateTimeNanos=326151772747291}
2025-03-02T19:31:11.177+05:30  INFO 49156 --- [POS] [ngodb.net:27017] org.mongodb.driver.cluster               : Discovered replica set primary cluster0-shard-00-02.t1aat.mongodb.net:27017 with max election id 7fffffff0000000000000228 and max set version 183
2025-03-02T19:31:11.884+05:30  INFO 49156 --- [POS] [           main] com.increff.pos.dto.ClientDtoTest        : Started ClientDtoTest in 3.458 seconds (process running for 4.408)
]]></system-out>
    <system-err><![CDATA[WARNING: A Java agent has been loaded dynamically (/Users/riteshsingh/.m2/repository/net/bytebuddy/byte-buddy-agent/1.14.12/byte-buddy-agent-1.14.12.jar)
WARNING: If a serviceability tool is in use, please run with -XX:+EnableDynamicAgentLoading to hide this warning
WARNING: If a serviceability tool is not in use, please run with -Djdk.instrument.traceUsage for more information
WARNING: Dynamic loading of agents will be disallowed by default in a future release
]]></system-err>
  </testcase>
  <testcase name="testGetClientNotFound" classname="com.increff.pos.dto.ClientDtoTest" time="0.044"/>
  <testcase name="testUpdateClientEmptyNewName" classname="com.increff.pos.dto.ClientDtoTest" time="0.042"/>
  <testcase name="testGetClientSuccess" classname="com.increff.pos.dto.ClientDtoTest" time="0.041"/>
  <testcase name="testAddClientEmptyName" classname="com.increff.pos.dto.ClientDtoTest" time="0.041"/>
  <testcase name="testGetAllClientWithInvalidPagination" classname="com.increff.pos.dto.ClientDtoTest" time="0.041"/>
  <testcase name="testGetAllClientWithPagination" classname="com.increff.pos.dto.ClientDtoTest" time="0.043"/>
  <testcase name="testUpdateClientNameSuccess" classname="com.increff.pos.dto.ClientDtoTest" time="0.04"/>
  <testcase name="testAddClientSuccess" classname="com.increff.pos.dto.ClientDtoTest" time="0.041"/>
</testsuite>